[INFO] Scanning for projects...
[WARNING] 
[WARNING] Some problems were encountered while building the effective model for com.smarthome:smart-home-energy-backend:jar:0.0.1-SNAPSHOT
[WARNING] 'dependencies.dependency.(groupId:artifactId:type:classifier)' must be unique: org.springframework.boot:spring-boot-starter-validation:jar -> duplicate declaration of version (?) @ line 67, column 21
[WARNING] 
[WARNING] It is highly recommended to fix these problems because they threaten the stability of your build.
[WARNING] 
[WARNING] For this reason, future Maven versions might no longer support building such malformed projects.
[WARNING] 
[INFO] 
[INFO] --------------< com.smarthome:smart-home-energy-backend >---------------
[INFO] Building smart-home-energy-backend 0.0.1-SNAPSHOT
[INFO]   from pom.xml
[INFO] --------------------------------[ jar ]---------------------------------
[INFO] 
[INFO] >>> spring-boot:3.3.5:run (default-cli) > test-compile @ smart-home-energy-backend >>>
[INFO] 
[INFO] --- resources:3.3.1:resources (default-resources) @ smart-home-energy-backend ---
[INFO] Copying 1 resource from src\main\resources to target\classes
[INFO] Copying 0 resource from src\main\resources to target\classes
[INFO] 
[INFO] --- compiler:3.13.0:compile (default-compile) @ smart-home-energy-backend ---
[INFO] Nothing to compile - all classes are up to date.
[INFO] 
[INFO] --- resources:3.3.1:testResources (default-testResources) @ smart-home-energy-backend ---
[INFO] skip non existing resourceDirectory D:\Smart_Home_Energy\backend\src\test\resources
[INFO] 
[INFO] --- compiler:3.13.0:testCompile (default-testCompile) @ smart-home-energy-backend ---
[INFO] No sources to compile
[INFO] 
[INFO] <<< spring-boot:3.3.5:run (default-cli) < test-compile @ smart-home-energy-backend <<<
[INFO] 
[INFO] 
[INFO] --- spring-boot:3.3.5:run (default-cli) @ smart-home-energy-backend ---
[INFO] Attaching agents: []

  .   ____          _            __ _ _
 /\\ / ___'_ __ _ _(_)_ __  __ _ \ \ \ \
( ( )\___ | '_ | '_| | '_ \/ _` | \ \ \ \
 \\/  ___)| |_)| | | | | || (_| |  ) ) ) )
  '  |____| .__|_| |_|_| |_\__, | / / / /
 =========|_|==============|___/=/_/_/_/

 :: Spring Boot ::                (v3.3.5)

2026-03-03T20:33:38.331+05:30  INFO 29156 --- [smart-home-energy-backend] [           main] c.s.energy.SmartHomeEnergyApplication    : Starting SmartHomeEnergyApplication using Java 25.0.1 with PID 29156 (D:\Smart_Home_Energy\backend\target\classes started by likhi in D:\Smart_Home_Energy\backend)
2026-03-03T20:33:38.334+05:30  INFO 29156 --- [smart-home-energy-backend] [           main] c.s.energy.SmartHomeEnergyApplication    : No active profile set, falling back to 1 default profile: "default"
2026-03-03T20:33:38.741+05:30  INFO 29156 --- [smart-home-energy-backend] [           main] .s.d.r.c.RepositoryConfigurationDelegate : Bootstrapping Spring Data JPA repositories in DEFAULT mode.
2026-03-03T20:33:38.778+05:30  INFO 29156 --- [smart-home-energy-backend] [           main] .s.d.r.c.RepositoryConfigurationDelegate : Finished Spring Data repository scanning in 31 ms. Found 2 JPA repository interfaces.
WARNING: A restricted method in java.lang.System has been called
WARNING: java.lang.System::load has been called by org.apache.tomcat.jni.Library in an unnamed module (file:/C:/Users/likhi/.m2/repository/org/apache/tomcat/embed/tomcat-embed-core/10.1.31/tomcat-embed-core-10.1.31.jar)
WARNING: Use --enable-native-access=ALL-UNNAMED to avoid a warning for callers in this module
WARNING: Restricted methods will be blocked in a future release unless native access is enabled

2026-03-03T20:33:39.209+05:30  INFO 29156 --- [smart-home-energy-backend] [           main] o.s.b.w.embedded.tomcat.TomcatWebServer  : Tomcat initialized with port 8080 (http)
2026-03-03T20:33:39.222+05:30  INFO 29156 --- [smart-home-energy-backend] [           main] o.apache.catalina.core.StandardService   : Starting service [Tomcat]
2026-03-03T20:33:39.222+05:30  INFO 29156 --- [smart-home-energy-backend] [           main] o.apache.catalina.core.StandardEngine    : Starting Servlet engine: [Apache Tomcat/10.1.31]
2026-03-03T20:33:39.267+05:30  INFO 29156 --- [smart-home-energy-backend] [           main] o.a.c.c.C.[Tomcat].[localhost].[/]       : Initializing Spring embedded WebApplicationContext
2026-03-03T20:33:39.268+05:30  INFO 29156 --- [smart-home-energy-backend] [           main] w.s.c.ServletWebServerApplicationContext : Root WebApplicationContext: initialization completed in 902 ms
2026-03-03T20:33:39.361+05:30  INFO 29156 --- [smart-home-energy-backend] [           main] o.hibernate.jpa.internal.util.LogHelper  : HHH000204: Processing PersistenceUnitInfo [name: default]
2026-03-03T20:33:39.399+05:30  INFO 29156 --- [smart-home-energy-backend] [           main] org.hibernate.Version                    : HHH000412: Hibernate ORM core version 6.5.3.Final
2026-03-03T20:33:39.419+05:30  INFO 29156 --- [smart-home-energy-backend] [           main] o.h.c.internal.RegionFactoryInitiator    : HHH000026: Second-level cache disabled
2026-03-03T20:33:39.607+05:30  INFO 29156 --- [smart-home-energy-backend] [           main] o.s.o.j.p.SpringPersistenceUnitInfo      : No LoadTimeWeaver setup: ignoring JPA class transformer
2026-03-03T20:33:39.625+05:30  INFO 29156 --- [smart-home-energy-backend] [           main] com.zaxxer.hikari.HikariDataSource       : HikariPool-1 - Starting...
2026-03-03T20:33:39.725+05:30  INFO 29156 --- [smart-home-energy-backend] [           main] com.zaxxer.hikari.pool.HikariPool        : HikariPool-1 - Added connection com.mysql.cj.jdbc.ConnectionImpl@5c53c235
2026-03-03T20:33:39.727+05:30  INFO 29156 --- [smart-home-energy-backend] [           main] com.zaxxer.hikari.HikariDataSource       : HikariPool-1 - Start completed.
2026-03-03T20:33:39.756+05:30  WARN 29156 --- [smart-home-energy-backend] [           main] org.hibernate.orm.deprecation            : HHH90000025: MySQL8Dialect does not need to be specified explicitly using 'hibernate.dialect' (remove the property setting and it will be selected by default)
2026-03-03T20:33:39.757+05:30  WARN 29156 --- [smart-home-energy-backend] [           main] org.hibernate.orm.deprecation            : HHH90000026: MySQL8Dialect has been deprecated; use org.hibernate.dialect.MySQLDialect instead
2026-03-03T20:33:40.284+05:30  INFO 29156 --- [smart-home-energy-backend] [           main] o.h.e.t.j.p.i.JtaPlatformInitiator       : HHH000489: No JTA platform available (set 'hibernate.transaction.jta.platform' to enable JTA platform integration)
2026-03-03T20:33:40.325+05:30  INFO 29156 --- [smart-home-energy-backend] [           main] j.LocalContainerEntityManagerFactoryBean : Initialized JPA EntityManagerFactory for persistence unit 'default'
2026-03-03T20:33:40.564+05:30  WARN 29156 --- [smart-home-energy-backend] [           main] JpaBaseConfiguration$JpaWebConfiguration : spring.jpa.open-in-view is enabled by default. Therefore, database queries may be performed during view rendering. Explicitly configure spring.jpa.open-in-view to disable this warning
2026-03-03T20:33:40.968+05:30  INFO 29156 --- [smart-home-energy-backend] [           main] o.s.b.w.embedded.tomcat.TomcatWebServer  : Tomcat started on port 8080 (http) with context path '/'
2026-03-03T20:33:40.982+05:30  INFO 29156 --- [smart-home-energy-backend] [           main] c.s.energy.SmartHomeEnergyApplication    : Started SmartHomeEnergyApplication in 2.892 seconds (process running for 3.134)
2026-03-03T20:34:07.083+05:30  INFO 29156 --- [smart-home-energy-backend] [nio-8080-exec-1] o.a.c.c.C.[Tomcat].[localhost].[/]       : Initializing Spring DispatcherServlet 'dispatcherServlet'
2026-03-03T20:34:07.084+05:30  INFO 29156 --- [smart-home-energy-backend] [nio-8080-exec-1] o.s.web.servlet.DispatcherServlet        : Initializing Servlet 'dispatcherServlet'
2026-03-03T20:34:07.086+05:30  INFO 29156 --- [smart-home-energy-backend] [nio-8080-exec-1] o.s.web.servlet.DispatcherServlet        : Completed initialization in 1 ms
Hibernate: select u1_0.id,u1_0.address,u1_0.created_at,u1_0.email,u1_0.fullname,u1_0.gender,u1_0.interest,u1_0.password_hash,u1_0.phone from users u1_0 where u1_0.email=?
Hibernate: select u1_0.id,u1_0.address,u1_0.created_at,u1_0.email,u1_0.fullname,u1_0.gender,u1_0.interest,u1_0.password_hash,u1_0.phone from users u1_0 where u1_0.email=?
