[INFO] Scanning for projects...
[WARNING] 
[WARNING] Some problems were encountered while building the effective model for com.smarthome:smart-home-energy-backend:jar:0.0.1-SNAPSHOT
[WARNING] 'dependencies.dependency.(groupId:artifactId:type:classifier)' must be unique: org.springframework.boot:spring-boot-starter-validation:jar -> duplicate declaration of version (?) @ line 67, column 21
[WARNING] 
[WARNING] It is highly recommended to fix these problems because they threaten the stability of your build.
[WARNING] 
[WARNING] For this reason, future Maven versions might no longer support building such malformed projects.
[WARNING] 
[INFO] 
[INFO] --------------< com.smarthome:smart-home-energy-backend >---------------
[INFO] Building smart-home-energy-backend 0.0.1-SNAPSHOT
[INFO]   from pom.xml
[INFO] --------------------------------[ jar ]---------------------------------
[INFO] 
[INFO] >>> spring-boot:3.3.5:run (default-cli) > test-compile @ smart-home-energy-backend >>>
[INFO] 
[INFO] --- resources:3.3.1:resources (default-resources) @ smart-home-energy-backend ---
[INFO] Copying 1 resource from src\main\resources to target\classes
[INFO] Copying 0 resource from src\main\resources to target\classes
[INFO] 
[INFO] --- compiler:3.13.0:compile (default-compile) @ smart-home-energy-backend ---
[INFO] Nothing to compile - all classes are up to date.
[INFO] 
[INFO] --- resources:3.3.1:testResources (default-testResources) @ smart-home-energy-backend ---
[INFO] skip non existing resourceDirectory D:\Smart_Home_Energy\backend\src\test\resources
[INFO] 
[INFO] --- compiler:3.13.0:testCompile (default-testCompile) @ smart-home-energy-backend ---
[INFO] No sources to compile
[INFO] 
[INFO] <<< spring-boot:3.3.5:run (default-cli) < test-compile @ smart-home-energy-backend <<<
[INFO] 
[INFO] 
[INFO] --- spring-boot:3.3.5:run (default-cli) @ smart-home-energy-backend ---
[INFO] Attaching agents: []

  .   ____          _            __ _ _
 /\\ / ___'_ __ _ _(_)_ __  __ _ \ \ \ \
( ( )\___ | '_ | '_| | '_ \/ _` | \ \ \ \
 \\/  ___)| |_)| | | | | || (_| |  ) ) ) )
  '  |____| .__|_| |_|_| |_\__, | / / / /
 =========|_|==============|___/=/_/_/_/

 :: Spring Boot ::                (v3.3.5)

2026-03-03T19:25:09.044+05:30  INFO 15780 --- [smart-home-energy-backend] [           main] c.s.energy.SmartHomeEnergyApplication    : Starting SmartHomeEnergyApplication using Java 25.0.1 with PID 15780 (D:\Smart_Home_Energy\backend\target\classes started by likhi in D:\Smart_Home_Energy\backend)
2026-03-03T19:25:09.048+05:30  INFO 15780 --- [smart-home-energy-backend] [           main] c.s.energy.SmartHomeEnergyApplication    : No active profile set, falling back to 1 default profile: "default"
2026-03-03T19:25:09.915+05:30  INFO 15780 --- [smart-home-energy-backend] [           main] .s.d.r.c.RepositoryConfigurationDelegate : Bootstrapping Spring Data JPA repositories in DEFAULT mode.
2026-03-03T19:25:09.985+05:30  INFO 15780 --- [smart-home-energy-backend] [           main] .s.d.r.c.RepositoryConfigurationDelegate : Finished Spring Data repository scanning in 59 ms. Found 2 JPA repository interfaces.
WARNING: A restricted method in java.lang.System has been called
WARNING: java.lang.System::load has been called by org.apache.tomcat.jni.Library in an unnamed module (file:/C:/Users/likhi/.m2/repository/org/apache/tomcat/embed/tomcat-embed-core/10.1.31/tomcat-embed-core-10.1.31.jar)
WARNING: Use --enable-native-access=ALL-UNNAMED to avoid a warning for callers in this module
WARNING: Restricted methods will be blocked in a future release unless native access is enabled

2026-03-03T19:25:10.668+05:30  INFO 15780 --- [smart-home-energy-backend] [           main] o.s.b.w.embedded.tomcat.TomcatWebServer  : Tomcat initialized with port 8080 (http)
2026-03-03T19:25:10.686+05:30  INFO 15780 --- [smart-home-energy-backend] [           main] o.apache.catalina.core.StandardService   : Starting service [Tomcat]
2026-03-03T19:25:10.687+05:30  INFO 15780 --- [smart-home-energy-backend] [           main] o.apache.catalina.core.StandardEngine    : Starting Servlet engine: [Apache Tomcat/10.1.31]
2026-03-03T19:25:10.775+05:30  INFO 15780 --- [smart-home-energy-backend] [           main] o.a.c.c.C.[Tomcat].[localhost].[/]       : Initializing Spring embedded WebApplicationContext
2026-03-03T19:25:10.776+05:30  INFO 15780 --- [smart-home-energy-backend] [           main] w.s.c.ServletWebServerApplicationContext : Root WebApplicationContext: initialization completed in 1656 ms
2026-03-03T19:25:10.974+05:30  INFO 15780 --- [smart-home-energy-backend] [           main] o.hibernate.jpa.internal.util.LogHelper  : HHH000204: Processing PersistenceUnitInfo [name: default]
2026-03-03T19:25:11.031+05:30  INFO 15780 --- [smart-home-energy-backend] [           main] org.hibernate.Version                    : HHH000412: Hibernate ORM core version 6.5.3.Final
2026-03-03T19:25:11.071+05:30  INFO 15780 --- [smart-home-energy-backend] [           main] o.h.c.internal.RegionFactoryInitiator    : HHH000026: Second-level cache disabled
2026-03-03T19:25:11.481+05:30  INFO 15780 --- [smart-home-energy-backend] [           main] o.s.o.j.p.SpringPersistenceUnitInfo      : No LoadTimeWeaver setup: ignoring JPA class transformer
2026-03-03T19:25:11.519+05:30  INFO 15780 --- [smart-home-energy-backend] [           main] com.zaxxer.hikari.HikariDataSource       : HikariPool-1 - Starting...
2026-03-03T19:25:11.716+05:30  INFO 15780 --- [smart-home-energy-backend] [           main] com.zaxxer.hikari.pool.HikariPool        : HikariPool-1 - Added connection com.mysql.cj.jdbc.ConnectionImpl@203b953c
2026-03-03T19:25:11.720+05:30  INFO 15780 --- [smart-home-energy-backend] [           main] com.zaxxer.hikari.HikariDataSource       : HikariPool-1 - Start completed.
2026-03-03T19:25:11.784+05:30  WARN 15780 --- [smart-home-energy-backend] [           main] org.hibernate.orm.deprecation            : HHH90000025: MySQL8Dialect does not need to be specified explicitly using 'hibernate.dialect' (remove the property setting and it will be selected by default)
2026-03-03T19:25:11.787+05:30  WARN 15780 --- [smart-home-energy-backend] [           main] org.hibernate.orm.deprecation            : HHH90000026: MySQL8Dialect has been deprecated; use org.hibernate.dialect.MySQLDialect instead
2026-03-03T19:25:12.915+05:30  INFO 15780 --- [smart-home-energy-backend] [           main] o.h.e.t.j.p.i.JtaPlatformInitiator       : HHH000489: No JTA platform available (set 'hibernate.transaction.jta.platform' to enable JTA platform integration)
2026-03-03T19:25:13.013+05:30  INFO 15780 --- [smart-home-energy-backend] [           main] j.LocalContainerEntityManagerFactoryBean : Initialized JPA EntityManagerFactory for persistence unit 'default'
2026-03-03T19:25:13.527+05:30  WARN 15780 --- [smart-home-energy-backend] [           main] JpaBaseConfiguration$JpaWebConfiguration : spring.jpa.open-in-view is enabled by default. Therefore, database queries may be performed during view rendering. Explicitly configure spring.jpa.open-in-view to disable this warning
2026-03-03T19:25:13.956+05:30  INFO 15780 --- [smart-home-energy-backend] [           main] o.s.b.w.embedded.tomcat.TomcatWebServer  : Tomcat started on port 8080 (http) with context path '/'
2026-03-03T19:25:13.970+05:30  INFO 15780 --- [smart-home-energy-backend] [           main] c.s.energy.SmartHomeEnergyApplication    : Started SmartHomeEnergyApplication in 5.458 seconds (process running for 5.963)
2026-03-03T19:25:15.862+05:30  INFO 15780 --- [smart-home-energy-backend] [nio-8080-exec-1] o.a.c.c.C.[Tomcat].[localhost].[/]       : Initializing Spring DispatcherServlet 'dispatcherServlet'
2026-03-03T19:25:15.864+05:30  INFO 15780 --- [smart-home-energy-backend] [nio-8080-exec-1] o.s.web.servlet.DispatcherServlet        : Initializing Servlet 'dispatcherServlet'
2026-03-03T19:25:15.866+05:30  INFO 15780 --- [smart-home-energy-backend] [nio-8080-exec-1] o.s.web.servlet.DispatcherServlet        : Completed initialization in 1 ms
DEBUG: Jakarta Mail version 2.1.3
DEBUG: URL jar:file:/C:/Users/likhi/.m2/repository/org/eclipse/angus/jakarta.mail/2.0.3/jakarta.mail-2.0.3.jar!/META-INF/javamail.providers
DEBUG: successfully loaded resource: jar:file:/C:/Users/likhi/.m2/repository/org/eclipse/angus/jakarta.mail/2.0.3/jakarta.mail-2.0.3.jar!/META-INF/javamail.providers
DEBUG: successfully loaded resource: /META-INF/javamail.default.providers
DEBUG: Tables of loaded providers
DEBUG: Providers Listed By Class Name: {org.eclipse.angus.mail.imap.IMAPStore=jakarta.mail.Provider[STORE,imap,org.eclipse.angus.mail.imap.IMAPStore,Oracle], org.eclipse.angus.mail.smtp.SMTPTransport=jakarta.mail.Provider[TRANSPORT,smtp,org.eclipse.angus.mail.smtp.SMTPTransport,Oracle], org.eclipse.angus.mail.pop3.POP3Store=jakarta.mail.Provider[STORE,pop3,org.eclipse.angus.mail.pop3.POP3Store,Oracle], org.eclipse.angus.mail.pop3.POP3SSLStore=jakarta.mail.Provider[STORE,pop3s,org.eclipse.angus.mail.pop3.POP3SSLStore,Oracle], org.eclipse.angus.mail.smtp.SMTPSSLTransport=jakarta.mail.Provider[TRANSPORT,smtps,org.eclipse.angus.mail.smtp.SMTPSSLTransport,Oracle], org.eclipse.angus.mail.imap.IMAPSSLStore=jakarta.mail.Provider[STORE,imaps,org.eclipse.angus.mail.imap.IMAPSSLStore,Oracle]}
DEBUG: Providers Listed By Protocol: {imap=jakarta.mail.Provider[STORE,imap,org.eclipse.angus.mail.imap.IMAPStore,Oracle], smtp=jakarta.mail.Provider[TRANSPORT,smtp,org.eclipse.angus.mail.smtp.SMTPTransport,Oracle], pop3=jakarta.mail.Provider[STORE,pop3,org.eclipse.angus.mail.pop3.POP3Store,Oracle], imaps=jakarta.mail.Provider[STORE,imaps,org.eclipse.angus.mail.imap.IMAPSSLStore,Oracle], smtps=jakarta.mail.Provider[TRANSPORT,smtps,org.eclipse.angus.mail.smtp.SMTPSSLTransport,Oracle], pop3s=jakarta.mail.Provider[STORE,pop3s,org.eclipse.angus.mail.pop3.POP3SSLStore,Oracle]}
DEBUG: successfully loaded resource: /META-INF/javamail.default.address.map
DEBUG: URL jar:file:/C:/Users/likhi/.m2/repository/org/eclipse/angus/jakarta.mail/2.0.3/jakarta.mail-2.0.3.jar!/META-INF/javamail.address.map
DEBUG: successfully loaded resource: jar:file:/C:/Users/likhi/.m2/repository/org/eclipse/angus/jakarta.mail/2.0.3/jakarta.mail-2.0.3.jar!/META-INF/javamail.address.map
DEBUG: getProvider() returning jakarta.mail.Provider[TRANSPORT,smtp,org.eclipse.angus.mail.smtp.SMTPTransport,Oracle]
DEBUG SMTP: useEhlo true, useAuth true
DEBUG SMTP: trying to connect to host "smtp.gmail.com", port 587, isSSL false
220 smtp.gmail.com ESMTP d2e1a72fcca58-8273a01080fsm15731059b3a.46 - gsmtp
DEBUG SMTP: connected to host "smtp.gmail.com", port: 587
EHLO LAPTOP-H1DJVSQQ
250-smtp.gmail.com at your service, [49.47.252.146]
250-SIZE 35882577
250-8BITMIME
250-STARTTLS
250-ENHANCEDSTATUSCODES
250-PIPELINING
250-CHUNKING
250 SMTPUTF8
DEBUG SMTP: Found extension "SIZE", arg "35882577"
DEBUG SMTP: Found extension "8BITMIME", arg ""
DEBUG SMTP: Found extension "STARTTLS", arg ""
DEBUG SMTP: Found extension "ENHANCEDSTATUSCODES", arg ""
DEBUG SMTP: Found extension "PIPELINING", arg ""
DEBUG SMTP: Found extension "CHUNKING", arg ""
DEBUG SMTP: Found extension "SMTPUTF8", arg ""
STARTTLS
220 2.0.0 Ready to start TLS
EHLO LAPTOP-H1DJVSQQ
250-smtp.gmail.com at your service, [49.47.252.146]
250-SIZE 35882577
250-8BITMIME
250-AUTH LOGIN PLAIN XOAUTH2 PLAIN-CLIENTTOKEN OAUTHBEARER XOAUTH
250-ENHANCEDSTATUSCODES
250-PIPELINING
250-CHUNKING
250 SMTPUTF8
DEBUG SMTP: Found extension "SIZE", arg "35882577"
DEBUG SMTP: Found extension "8BITMIME", arg ""
DEBUG SMTP: Found extension "AUTH", arg "LOGIN PLAIN XOAUTH2 PLAIN-CLIENTTOKEN OAUTHBEARER XOAUTH"
DEBUG SMTP: Found extension "ENHANCEDSTATUSCODES", arg ""
DEBUG SMTP: Found extension "PIPELINING", arg ""
DEBUG SMTP: Found extension "CHUNKING", arg ""
DEBUG SMTP: Found extension "SMTPUTF8", arg ""
DEBUG SMTP: protocolConnect login, host=smtp.gmail.com, user=likhithande57@gmail.com, password=<non-null>
DEBUG SMTP: Attempt to authenticate using mechanisms: LOGIN PLAIN DIGEST-MD5 NTLM XOAUTH2 
DEBUG SMTP: Using mechanism LOGIN
DEBUG SMTP: AUTH LOGIN command trace suppressed
DEBUG SMTP: AUTH LOGIN failed
[INFO] ------------------------------------------------------------------------
[INFO] BUILD FAILURE
[INFO] ------------------------------------------------------------------------
[INFO] Total time:  45.031 s
[INFO] Finished at: 2026-03-03T19:25:49+05:30
[INFO] ------------------------------------------------------------------------
[ERROR] Failed to execute goal org.springframework.boot:spring-boot-maven-plugin:3.3.5:run (default-cli) on project smart-home-energy-backend: Process terminated with exit code: -1 -> [Help 1]
[ERROR] 
[ERROR] To see the full stack trace of the errors, re-run Maven with the -e switch.
[ERROR] Re-run Maven using the -X switch to enable full debug logging.
[ERROR] 
[ERROR] For more information about the errors and possible solutions, please read the following articles:
[ERROR] [Help 1] http://cwiki.apache.org/confluence/display/MAVEN/MojoExecutionException
